2026-04-06 22:25:27,766 [INFO] Starting feature extraction pipeline
2026-04-06 22:25:27,920 [INFO] Loaded data/train/tweets_general_train.csv with 41899 rows
2026-04-06 22:25:27,966 [INFO] Loaded data/train/tweets_general_val.csv with 8979 rows
2026-04-06 22:25:28,049 [INFO] Loaded data/train/tweets_general_test.csv with 8979 rows
2026-04-06 22:25:28,128 [INFO] Loaded data/test_domain_shift/tweets_disaster.csv with 20931 rows
2026-04-06 22:25:28,128 [INFO] Fitting TF-IDF vectorizer on training text
2026-04-06 22:25:33,357 [INFO] TF-IDF matrices built (vocab size=50000)
2026-04-06 22:25:33,358 [INFO] Extracting handcrafted tweet-level features
2026-04-06 22:25:45,364 [INFO] Starting feature extraction pipeline
2026-04-06 22:25:45,543 [INFO] Loaded data/train/tweets_general_train.csv with 41899 rows
2026-04-06 22:25:45,584 [INFO] Loaded data/train/tweets_general_val.csv with 8979 rows
2026-04-06 22:25:45,631 [INFO] Loaded data/train/tweets_general_test.csv with 8979 rows
2026-04-06 22:25:45,705 [INFO] Loaded data/test_domain_shift/tweets_disaster.csv with 20931 rows
2026-04-06 22:25:45,705 [INFO] Fitting TF-IDF vectorizer on training text
2026-04-06 22:25:45,929 [INFO] Combining TF-IDF and handcrafted features
2026-04-06 22:25:46,210 [INFO] Saved TF-IDF vectorizer to models/tfidf_vectorizer.pkl
2026-04-06 22:25:49,028 [INFO] Saved feature matrices to data/features
2026-04-06 22:25:49,105 [INFO] Saved feature report to data/reports/feature_report.json
2026-04-06 22:25:49,105 [INFO] Feature extraction pipeline complete
2026-04-06 22:25:52,536 [INFO] TF-IDF matrices built (vocab size=50000)
2026-04-06 22:25:52,537 [INFO] Extracting handcrafted tweet-level features
2026-04-06 22:26:03,513 [INFO] Combining TF-IDF and handcrafted features
2026-04-06 22:26:03,713 [INFO] Saved TF-IDF vectorizer to models/tfidf_vectorizer.pkl
2026-04-06 22:26:06,015 [INFO] Saved feature matrices to data/features
2026-04-06 22:26:06,081 [INFO] Saved feature report to data/reports/feature_report.json
2026-04-06 22:26:06,082 [INFO] Feature extraction pipeline complete
2026-04-06 22:33:42,991 [INFO] Starting feature extraction pipeline
2026-04-06 22:33:43,174 [INFO] Loaded data/train/tweets_general_train.csv with 41899 rows
2026-04-06 22:33:43,212 [INFO] Loaded data/train/tweets_general_val.csv with 8979 rows
2026-04-06 22:33:43,257 [INFO] Loaded data/train/tweets_general_test.csv with 8979 rows
2026-04-06 22:33:43,327 [INFO] Loaded data/test_domain_shift/tweets_disaster.csv with 20931 rows
2026-04-06 22:33:43,327 [INFO] Fitting TF-IDF vectorizer on training text
2026-04-06 22:33:49,430 [INFO] TF-IDF matrices built (vocab size=50000)
2026-04-06 22:33:49,430 [INFO] Extracting handcrafted tweet-level features
2026-04-06 22:34:00,391 [INFO] Combining TF-IDF and handcrafted features
2026-04-06 22:34:00,644 [INFO] Saved TF-IDF vectorizer to models/tfidf_vectorizer.pkl
2026-04-06 22:34:03,215 [INFO] Saved feature matrices to data/features
2026-04-06 22:34:03,320 [INFO] Saved feature report to data/reports/feature_report.json
2026-04-06 22:34:03,321 [INFO] Feature extraction pipeline complete
