2026-04-06 22:34:33,113 [INFO] Starting model training pipeline
2026-04-06 22:34:33,350 [INFO] Loading sparse features from data/features/X_train.npz
2026-04-06 22:34:33,477 [INFO] Loading sparse features from data/features/X_val.npz
2026-04-06 22:34:33,500 [INFO] Training Logistic Regression baseline on saved TF-IDF features
2026-04-06 22:36:04,154 [INFO] Starting model training pipeline
2026-04-06 22:36:04,343 [INFO] Loading sparse features from data/features/X_train.npz
2026-04-06 22:36:04,446 [INFO] Loading sparse features from data/features/X_val.npz
2026-04-06 22:36:04,469 [INFO] Training Logistic Regression baseline on saved TF-IDF features
2026-04-06 22:36:51,618 [INFO] Logistic Regression validation accuracy: 0.6504
2026-04-06 22:36:51,621 [INFO] Saved Logistic Regression model to models/logreg_tfidf.pkl
2026-04-06 22:36:51,802 [INFO] Training DistilBERT on device: cpu
2026-04-06 22:36:52,603 [INFO] HTTP Request: HEAD https://huggingface.co/distilbert-base-uncased/resolve/main/config.json "HTTP/1.1 200 OK"
2026-04-06 22:36:52,772 [INFO] HTTP Request: GET https://huggingface.co/distilbert-base-uncased/resolve/main/config.json "HTTP/1.1 200 OK"
2026-04-06 22:36:53,019 [INFO] HTTP Request: HEAD https://huggingface.co/distilbert-base-uncased/resolve/main/tokenizer_config.json "HTTP/1.1 200 OK"
2026-04-06 22:36:53,019 [WARNING] Warning: You are sending unauthenticated requests to the HF Hub. Please set a HF_TOKEN to enable higher rate limits and faster downloads.
2026-04-06 22:36:53,188 [INFO] HTTP Request: GET https://huggingface.co/distilbert-base-uncased/resolve/main/tokenizer_config.json "HTTP/1.1 200 OK"
2026-04-06 22:36:53,368 [INFO] HTTP Request: GET https://huggingface.co/api/models/distilbert-base-uncased/tree/main/additional_chat_templates?recursive=false&expand=false "HTTP/1.1 307 Temporary Redirect"
2026-04-06 22:36:53,529 [INFO] HTTP Request: GET https://huggingface.co/api/models/distilbert/distilbert-base-uncased/tree/main/additional_chat_templates?recursive=false&expand=false "HTTP/1.1 404 Not Found"
2026-04-06 22:36:53,684 [INFO] HTTP Request: GET https://huggingface.co/api/models/distilbert-base-uncased/tree/main?recursive=true&expand=false "HTTP/1.1 307 Temporary Redirect"
2026-04-06 22:36:53,849 [INFO] HTTP Request: GET https://huggingface.co/api/models/distilbert/distilbert-base-uncased/tree/main?recursive=true&expand=false "HTTP/1.1 200 OK"
2026-04-06 22:36:54,014 [INFO] HTTP Request: HEAD https://huggingface.co/distilbert-base-uncased/resolve/main/vocab.txt "HTTP/1.1 200 OK"
2026-04-06 22:36:54,186 [INFO] HTTP Request: GET https://huggingface.co/distilbert-base-uncased/resolve/main/vocab.txt "HTTP/1.1 200 OK"
2026-04-06 22:36:54,404 [INFO] HTTP Request: HEAD https://huggingface.co/distilbert-base-uncased/resolve/main/tokenizer.json "HTTP/1.1 200 OK"
2026-04-06 22:36:54,574 [INFO] HTTP Request: GET https://huggingface.co/distilbert-base-uncased/resolve/main/tokenizer.json "HTTP/1.1 200 OK"
2026-04-06 22:36:54,897 [INFO] HTTP Request: HEAD https://huggingface.co/distilbert-base-uncased/resolve/main/added_tokens.json "HTTP/1.1 404 Not Found"
2026-04-06 22:36:55,072 [INFO] HTTP Request: HEAD https://huggingface.co/distilbert-base-uncased/resolve/main/special_tokens_map.json "HTTP/1.1 404 Not Found"
2026-04-06 22:36:55,238 [INFO] HTTP Request: HEAD https://huggingface.co/distilbert-base-uncased/resolve/main/chat_template.jinja "HTTP/1.1 404 Not Found"
2026-04-06 22:36:55,550 [INFO] HTTP Request: HEAD https://huggingface.co/distilbert-base-uncased/resolve/main/config.json "HTTP/1.1 200 OK"
2026-04-06 22:36:56,178 [INFO] HTTP Request: HEAD https://huggingface.co/distilbert-base-uncased/resolve/main/model.safetensors "HTTP/1.1 302 Found"
2026-04-06 22:36:56,416 [INFO] HTTP Request: GET https://huggingface.co/api/models/distilbert/distilbert-base-uncased/xet-read-token/12040accade4e8a0f71eabdb258fecc2e7e948be "HTTP/1.1 200 OK"
2026-04-07 01:35:49,253 [INFO] DistilBERT epoch 1/3 - train_loss: 0.7193 - val_loss: 0.6238 - val_acc: 0.7154
2026-04-14 21:20:17,365 [INFO] Starting model training pipeline
2026-04-14 21:20:17,507 [INFO] Loading sparse features from data/features/X_train.npz
2026-04-14 21:20:17,581 [INFO] Loading sparse features from data/features/X_val.npz
2026-04-14 21:20:17,609 [INFO] Training Logistic Regression baseline on saved TF-IDF features
2026-04-14 21:21:50,681 [INFO] Logistic Regression validation accuracy: 0.6507
2026-04-14 21:21:50,682 [INFO] Saved Logistic Regression model to models/logreg_tfidf.pkl
2026-04-14 21:21:50,710 [INFO] Updated artifact hash manifest -> data/reports/artifact_hashes.json
2026-04-14 21:21:50,930 [INFO] Training Twitter-RoBERTa on device: cpu
2026-04-14 21:21:51,538 [INFO] HTTP Request: HEAD https://huggingface.co/cardiffnlp/twitter-roberta-base-sentiment-latest/resolve/main/config.json "HTTP/1.1 307 Temporary Redirect"
2026-04-14 21:21:51,548 [INFO] HTTP Request: HEAD https://huggingface.co/api/resolve-cache/models/cardiffnlp/twitter-roberta-base-sentiment-latest/3216a57f2a0d9c45a2e6c20157c20c49fb4bf9c7/config.json "HTTP/1.1 200 OK"
2026-04-14 21:21:51,571 [INFO] HTTP Request: GET https://huggingface.co/api/resolve-cache/models/cardiffnlp/twitter-roberta-base-sentiment-latest/3216a57f2a0d9c45a2e6c20157c20c49fb4bf9c7/config.json "HTTP/1.1 200 OK"
2026-04-14 21:21:51,748 [INFO] HTTP Request: HEAD https://huggingface.co/cardiffnlp/twitter-roberta-base-sentiment-latest/resolve/main/tokenizer_config.json "HTTP/1.1 404 Not Found"
2026-04-14 21:21:51,749 [WARNING] Warning: You are sending unauthenticated requests to the HF Hub. Please set a HF_TOKEN to enable higher rate limits and faster downloads.
2026-04-14 21:21:51,870 [INFO] HTTP Request: HEAD https://huggingface.co/cardiffnlp/twitter-roberta-base-sentiment-latest/resolve/main/tokenizer_config.json "HTTP/1.1 404 Not Found"
2026-04-14 21:21:51,993 [INFO] HTTP Request: GET https://huggingface.co/api/models/cardiffnlp/twitter-roberta-base-sentiment-latest/tree/main/additional_chat_templates?recursive=false&expand=false "HTTP/1.1 404 Not Found"
2026-04-14 21:21:52,112 [INFO] HTTP Request: GET https://huggingface.co/api/models/cardiffnlp/twitter-roberta-base-sentiment-latest/tree/main?recursive=true&expand=false "HTTP/1.1 200 OK"
2026-04-14 21:21:52,229 [INFO] HTTP Request: HEAD https://huggingface.co/cardiffnlp/twitter-roberta-base-sentiment-latest/resolve/main/vocab.json "HTTP/1.1 307 Temporary Redirect"
2026-04-14 21:21:52,240 [INFO] HTTP Request: HEAD https://huggingface.co/api/resolve-cache/models/cardiffnlp/twitter-roberta-base-sentiment-latest/3216a57f2a0d9c45a2e6c20157c20c49fb4bf9c7/vocab.json "HTTP/1.1 200 OK"
2026-04-14 21:21:52,264 [INFO] HTTP Request: GET https://huggingface.co/api/resolve-cache/models/cardiffnlp/twitter-roberta-base-sentiment-latest/3216a57f2a0d9c45a2e6c20157c20c49fb4bf9c7/vocab.json "HTTP/1.1 200 OK"
2026-04-14 21:21:52,423 [INFO] HTTP Request: HEAD https://huggingface.co/cardiffnlp/twitter-roberta-base-sentiment-latest/resolve/main/merges.txt "HTTP/1.1 307 Temporary Redirect"
2026-04-14 21:21:52,433 [INFO] HTTP Request: HEAD https://huggingface.co/api/resolve-cache/models/cardiffnlp/twitter-roberta-base-sentiment-latest/3216a57f2a0d9c45a2e6c20157c20c49fb4bf9c7/merges.txt "HTTP/1.1 200 OK"
2026-04-14 21:21:52,448 [INFO] HTTP Request: GET https://huggingface.co/api/resolve-cache/models/cardiffnlp/twitter-roberta-base-sentiment-latest/3216a57f2a0d9c45a2e6c20157c20c49fb4bf9c7/merges.txt "HTTP/1.1 200 OK"
2026-04-14 21:21:52,589 [INFO] HTTP Request: HEAD https://huggingface.co/cardiffnlp/twitter-roberta-base-sentiment-latest/resolve/main/tokenizer.json "HTTP/1.1 404 Not Found"
2026-04-14 21:21:52,709 [INFO] HTTP Request: HEAD https://huggingface.co/cardiffnlp/twitter-roberta-base-sentiment-latest/resolve/main/added_tokens.json "HTTP/1.1 404 Not Found"
2026-04-14 21:21:52,827 [INFO] HTTP Request: HEAD https://huggingface.co/cardiffnlp/twitter-roberta-base-sentiment-latest/resolve/main/special_tokens_map.json "HTTP/1.1 307 Temporary Redirect"
2026-04-14 21:21:52,840 [INFO] HTTP Request: HEAD https://huggingface.co/api/resolve-cache/models/cardiffnlp/twitter-roberta-base-sentiment-latest/3216a57f2a0d9c45a2e6c20157c20c49fb4bf9c7/special_tokens_map.json "HTTP/1.1 200 OK"
2026-04-14 21:21:52,852 [INFO] HTTP Request: GET https://huggingface.co/api/resolve-cache/models/cardiffnlp/twitter-roberta-base-sentiment-latest/3216a57f2a0d9c45a2e6c20157c20c49fb4bf9c7/special_tokens_map.json "HTTP/1.1 200 OK"
2026-04-14 21:21:52,990 [INFO] HTTP Request: HEAD https://huggingface.co/cardiffnlp/twitter-roberta-base-sentiment-latest/resolve/main/chat_template.jinja "HTTP/1.1 404 Not Found"
2026-04-14 21:21:53,244 [INFO] HTTP Request: HEAD https://huggingface.co/cardiffnlp/twitter-roberta-base-sentiment-latest/resolve/main/config.json "HTTP/1.1 307 Temporary Redirect"
2026-04-14 21:21:53,253 [INFO] HTTP Request: HEAD https://huggingface.co/api/resolve-cache/models/cardiffnlp/twitter-roberta-base-sentiment-latest/3216a57f2a0d9c45a2e6c20157c20c49fb4bf9c7/config.json "HTTP/1.1 200 OK"
2026-04-14 21:21:54,170 [INFO] HTTP Request: HEAD https://huggingface.co/cardiffnlp/twitter-roberta-base-sentiment-latest/resolve/main/model.safetensors "HTTP/1.1 404 Not Found"
2026-04-14 21:21:54,297 [INFO] HTTP Request: HEAD https://huggingface.co/cardiffnlp/twitter-roberta-base-sentiment-latest/resolve/main/model.safetensors.index.json "HTTP/1.1 404 Not Found"
2026-04-14 21:21:54,436 [INFO] HTTP Request: HEAD https://huggingface.co/cardiffnlp/twitter-roberta-base-sentiment-latest/resolve/main/pytorch_model.bin "HTTP/1.1 302 Found"
2026-04-14 21:21:54,609 [INFO] HTTP Request: GET https://huggingface.co/api/models/cardiffnlp/twitter-roberta-base-sentiment-latest/xet-read-token/3216a57f2a0d9c45a2e6c20157c20c49fb4bf9c7 "HTTP/1.1 200 OK"
2026-04-14 21:22:03,388 [INFO] HTTP Request: HEAD https://huggingface.co/cardiffnlp/twitter-roberta-base-sentiment-latest/resolve/main/model.safetensors "HTTP/1.1 404 Not Found"
2026-04-14 21:22:03,513 [INFO] HTTP Request: GET https://huggingface.co/api/models/cardiffnlp/twitter-roberta-base-sentiment-latest "HTTP/1.1 200 OK"
2026-04-14 21:22:03,674 [INFO] HTTP Request: GET https://huggingface.co/api/models/cardiffnlp/twitter-roberta-base-sentiment-latest/commits/main "HTTP/1.1 200 OK"
2026-04-14 21:22:03,814 [INFO] HTTP Request: GET https://huggingface.co/api/models/cardiffnlp/twitter-roberta-base-sentiment-latest/discussions?p=0 "HTTP/1.1 200 OK"
2026-04-14 21:22:03,948 [INFO] HTTP Request: GET https://huggingface.co/api/models/cardiffnlp/twitter-roberta-base-sentiment-latest/commits/refs%2Fpr%2F43 "HTTP/1.1 200 OK"
2026-04-14 21:22:04,063 [INFO] HTTP Request: HEAD https://huggingface.co/cardiffnlp/twitter-roberta-base-sentiment-latest/resolve/refs%2Fpr%2F43/model.safetensors.index.json "HTTP/1.1 404 Not Found"
2026-04-14 21:22:04,181 [INFO] HTTP Request: HEAD https://huggingface.co/cardiffnlp/twitter-roberta-base-sentiment-latest/resolve/refs%2Fpr%2F43/model.safetensors "HTTP/1.1 302 Found"
2026-04-14 21:22:04,307 [INFO] HTTP Request: GET https://huggingface.co/api/models/cardiffnlp/twitter-roberta-base-sentiment-latest/xet-read-token/d616e2bdfcdb0ca89d9b6efc4909e1db063af290 "HTTP/1.1 200 OK"
2026-04-19 20:22:07,482 [INFO] Starting model training pipeline
2026-04-19 20:22:08,086 [INFO] Loading sparse features from data/features/X_train.npz
2026-04-19 20:22:08,470 [INFO] Loading sparse features from data/features/X_val.npz
2026-04-19 20:22:08,561 [INFO] Training Logistic Regression baseline on saved TF-IDF features
2026-04-19 20:25:53,558 [INFO] Training class distribution: {'negative': 7962, 'neutral': 19217, 'positive': 14720}
2026-04-19 20:25:53,568 [INFO] Logistic Regression validation accuracy: 0.6418
2026-04-19 20:25:53,572 [INFO] Saved Logistic Regression model to models/logreg_tfidf.pkl
2026-04-19 20:25:53,621 [INFO] Updated artifact hash manifest -> data/reports/artifact_hashes.json
2026-04-19 20:25:54,016 [INFO] Training Twitter-RoBERTa on device: cpu
2026-04-19 20:25:55,219 [INFO] HTTP Request: HEAD https://huggingface.co/cardiffnlp/twitter-roberta-base-sentiment-latest/resolve/main/config.json "HTTP/1.1 307 Temporary Redirect"
2026-04-19 20:25:55,224 [WARNING] Warning: You are sending unauthenticated requests to the HF Hub. Please set a HF_TOKEN to enable higher rate limits and faster downloads.
2026-04-19 20:25:55,243 [INFO] HTTP Request: HEAD https://huggingface.co/api/resolve-cache/models/cardiffnlp/twitter-roberta-base-sentiment-latest/3216a57f2a0d9c45a2e6c20157c20c49fb4bf9c7/config.json "HTTP/1.1 200 OK"
2026-04-19 20:25:55,479 [INFO] HTTP Request: HEAD https://huggingface.co/cardiffnlp/twitter-roberta-base-sentiment-latest/resolve/main/tokenizer_config.json "HTTP/1.1 404 Not Found"
2026-04-19 20:25:55,614 [INFO] HTTP Request: HEAD https://huggingface.co/cardiffnlp/twitter-roberta-base-sentiment-latest/resolve/main/tokenizer_config.json "HTTP/1.1 404 Not Found"
2026-04-19 20:25:55,740 [INFO] HTTP Request: GET https://huggingface.co/api/models/cardiffnlp/twitter-roberta-base-sentiment-latest/tree/main/additional_chat_templates?recursive=false&expand=false "HTTP/1.1 404 Not Found"
2026-04-19 20:25:55,875 [INFO] HTTP Request: GET https://huggingface.co/api/models/cardiffnlp/twitter-roberta-base-sentiment-latest/tree/main?recursive=true&expand=false "HTTP/1.1 200 OK"
2026-04-19 20:25:56,006 [INFO] HTTP Request: HEAD https://huggingface.co/cardiffnlp/twitter-roberta-base-sentiment-latest/resolve/main/vocab.json "HTTP/1.1 307 Temporary Redirect"
2026-04-19 20:25:56,025 [INFO] HTTP Request: HEAD https://huggingface.co/api/resolve-cache/models/cardiffnlp/twitter-roberta-base-sentiment-latest/3216a57f2a0d9c45a2e6c20157c20c49fb4bf9c7/vocab.json "HTTP/1.1 200 OK"
2026-04-19 20:25:56,808 [INFO] HTTP Request: HEAD https://huggingface.co/cardiffnlp/twitter-roberta-base-sentiment-latest/resolve/main/config.json "HTTP/1.1 307 Temporary Redirect"
2026-04-19 20:25:56,823 [INFO] HTTP Request: HEAD https://huggingface.co/api/resolve-cache/models/cardiffnlp/twitter-roberta-base-sentiment-latest/3216a57f2a0d9c45a2e6c20157c20c49fb4bf9c7/config.json "HTTP/1.1 200 OK"
2026-04-19 20:25:59,855 [INFO] HTTP Request: HEAD https://huggingface.co/cardiffnlp/twitter-roberta-base-sentiment-latest/resolve/main/model.safetensors "HTTP/1.1 404 Not Found"
2026-04-19 20:25:59,983 [INFO] HTTP Request: GET https://huggingface.co/api/models/cardiffnlp/twitter-roberta-base-sentiment-latest "HTTP/1.1 200 OK"
2026-04-19 20:26:00,142 [INFO] HTTP Request: GET https://huggingface.co/api/models/cardiffnlp/twitter-roberta-base-sentiment-latest/commits/main "HTTP/1.1 200 OK"
2026-04-19 20:26:00,288 [INFO] HTTP Request: GET https://huggingface.co/api/models/cardiffnlp/twitter-roberta-base-sentiment-latest/discussions?p=0 "HTTP/1.1 200 OK"
2026-04-19 20:26:00,500 [INFO] HTTP Request: GET https://huggingface.co/api/models/cardiffnlp/twitter-roberta-base-sentiment-latest/commits/refs%2Fpr%2F43 "HTTP/1.1 200 OK"
2026-04-19 20:26:00,642 [INFO] HTTP Request: HEAD https://huggingface.co/cardiffnlp/twitter-roberta-base-sentiment-latest/resolve/refs%2Fpr%2F43/model.safetensors.index.json "HTTP/1.1 404 Not Found"
2026-04-19 20:26:00,856 [INFO] HTTP Request: HEAD https://huggingface.co/cardiffnlp/twitter-roberta-base-sentiment-latest/resolve/refs%2Fpr%2F43/model.safetensors "HTTP/1.1 302 Found"
2026-04-19 20:36:03,688 [INFO] Starting model training pipeline
2026-04-19 20:36:04,043 [INFO] Loading sparse features from data/features/X_train.npz
2026-04-19 20:36:04,186 [INFO] Loading sparse features from data/features/X_val.npz
2026-04-19 20:36:04,218 [INFO] Training Logistic Regression baseline on saved TF-IDF features
2026-04-19 20:39:09,087 [INFO] Training class distribution: {'negative': 7962, 'neutral': 19217, 'positive': 14720}
2026-04-19 20:39:09,094 [INFO] Logistic Regression validation accuracy: 0.6418
2026-04-19 20:39:09,098 [INFO] Saved Logistic Regression model to models/logreg_tfidf.pkl
2026-04-19 20:39:09,127 [INFO] Updated artifact hash manifest -> data/reports/artifact_hashes.json
2026-04-19 20:39:09,438 [INFO] Training Twitter-RoBERTa on device: cpu
2026-04-19 20:39:10,508 [INFO] HTTP Request: HEAD https://huggingface.co/cardiffnlp/twitter-roberta-base-sentiment-latest/resolve/main/config.json "HTTP/1.1 307 Temporary Redirect"
2026-04-19 20:39:10,511 [WARNING] Warning: You are sending unauthenticated requests to the HF Hub. Please set a HF_TOKEN to enable higher rate limits and faster downloads.
2026-04-19 20:39:10,525 [INFO] HTTP Request: HEAD https://huggingface.co/api/resolve-cache/models/cardiffnlp/twitter-roberta-base-sentiment-latest/3216a57f2a0d9c45a2e6c20157c20c49fb4bf9c7/config.json "HTTP/1.1 200 OK"
2026-04-19 20:39:10,664 [INFO] HTTP Request: HEAD https://huggingface.co/cardiffnlp/twitter-roberta-base-sentiment-latest/resolve/main/tokenizer_config.json "HTTP/1.1 404 Not Found"
2026-04-19 20:39:10,794 [INFO] HTTP Request: HEAD https://huggingface.co/cardiffnlp/twitter-roberta-base-sentiment-latest/resolve/main/tokenizer_config.json "HTTP/1.1 404 Not Found"
2026-04-19 20:39:11,002 [INFO] HTTP Request: GET https://huggingface.co/api/models/cardiffnlp/twitter-roberta-base-sentiment-latest/tree/main/additional_chat_templates?recursive=false&expand=false "HTTP/1.1 404 Not Found"
2026-04-19 20:39:11,131 [INFO] HTTP Request: GET https://huggingface.co/api/models/cardiffnlp/twitter-roberta-base-sentiment-latest/tree/main?recursive=true&expand=false "HTTP/1.1 200 OK"
2026-04-19 20:39:11,254 [INFO] HTTP Request: HEAD https://huggingface.co/cardiffnlp/twitter-roberta-base-sentiment-latest/resolve/main/vocab.json "HTTP/1.1 307 Temporary Redirect"
2026-04-19 20:39:11,264 [INFO] HTTP Request: HEAD https://huggingface.co/api/resolve-cache/models/cardiffnlp/twitter-roberta-base-sentiment-latest/3216a57f2a0d9c45a2e6c20157c20c49fb4bf9c7/vocab.json "HTTP/1.1 200 OK"
2026-04-19 20:39:11,689 [INFO] HTTP Request: HEAD https://huggingface.co/cardiffnlp/twitter-roberta-base-sentiment-latest/resolve/main/config.json "HTTP/1.1 307 Temporary Redirect"
2026-04-19 20:39:11,697 [INFO] HTTP Request: HEAD https://huggingface.co/api/resolve-cache/models/cardiffnlp/twitter-roberta-base-sentiment-latest/3216a57f2a0d9c45a2e6c20157c20c49fb4bf9c7/config.json "HTTP/1.1 200 OK"
2026-04-19 20:39:13,379 [INFO] HTTP Request: HEAD https://huggingface.co/cardiffnlp/twitter-roberta-base-sentiment-latest/resolve/main/model.safetensors "HTTP/1.1 404 Not Found"
2026-04-19 20:39:13,516 [INFO] HTTP Request: GET https://huggingface.co/api/models/cardiffnlp/twitter-roberta-base-sentiment-latest "HTTP/1.1 200 OK"
2026-04-19 20:39:13,663 [INFO] HTTP Request: GET https://huggingface.co/api/models/cardiffnlp/twitter-roberta-base-sentiment-latest/commits/main "HTTP/1.1 200 OK"
2026-04-19 20:39:13,820 [INFO] HTTP Request: GET https://huggingface.co/api/models/cardiffnlp/twitter-roberta-base-sentiment-latest/discussions?p=0 "HTTP/1.1 200 OK"
2026-04-19 20:39:13,984 [INFO] HTTP Request: GET https://huggingface.co/api/models/cardiffnlp/twitter-roberta-base-sentiment-latest/commits/refs%2Fpr%2F43 "HTTP/1.1 200 OK"
2026-04-19 20:39:14,142 [INFO] HTTP Request: HEAD https://huggingface.co/cardiffnlp/twitter-roberta-base-sentiment-latest/resolve/refs%2Fpr%2F43/model.safetensors.index.json "HTTP/1.1 404 Not Found"
2026-04-19 20:39:14,283 [INFO] HTTP Request: HEAD https://huggingface.co/cardiffnlp/twitter-roberta-base-sentiment-latest/resolve/refs%2Fpr%2F43/model.safetensors "HTTP/1.1 302 Found"
2026-04-19 20:47:33,196 [INFO] Starting model training pipeline
2026-04-19 20:47:33,761 [INFO] Loading sparse features from data/features/X_train.npz
2026-04-19 20:47:34,002 [INFO] Loading sparse features from data/features/X_val.npz
2026-04-19 20:47:34,050 [INFO] Training Logistic Regression baseline on saved TF-IDF features
2026-04-19 20:51:14,509 [INFO] Starting model training pipeline
2026-04-19 20:51:15,451 [INFO] Loading sparse features from data/features/X_train.npz
2026-04-19 20:51:16,070 [INFO] Loading sparse features from data/features/X_val.npz
2026-04-19 20:51:16,266 [INFO] Training Logistic Regression baseline on saved TF-IDF features
2026-04-19 20:52:03,695 [INFO] Training class distribution: {'negative': 7962, 'neutral': 19217, 'positive': 14720}
2026-04-19 20:52:04,094 [INFO] Logistic Regression validation accuracy: 0.6418
2026-04-19 20:52:04,236 [INFO] Saved Logistic Regression model to models/logreg_tfidf.pkl
2026-04-19 20:52:04,766 [INFO] Updated artifact hash manifest -> data/reports/artifact_hashes.json
2026-04-19 20:52:05,991 [INFO] Training Twitter-RoBERTa on device: cpu
2026-04-19 20:52:11,803 [INFO] HTTP Request: HEAD https://huggingface.co/cardiffnlp/twitter-roberta-base-sentiment-latest/resolve/main/config.json "HTTP/1.1 307 Temporary Redirect"
2026-04-19 20:52:11,855 [INFO] HTTP Request: HEAD https://huggingface.co/api/resolve-cache/models/cardiffnlp/twitter-roberta-base-sentiment-latest/3216a57f2a0d9c45a2e6c20157c20c49fb4bf9c7/config.json "HTTP/1.1 200 OK"
2026-04-19 20:52:12,950 [INFO] HTTP Request: HEAD https://huggingface.co/cardiffnlp/twitter-roberta-base-sentiment-latest/resolve/main/tokenizer_config.json "HTTP/1.1 404 Not Found"
2026-04-19 20:52:13,574 [INFO] HTTP Request: HEAD https://huggingface.co/cardiffnlp/twitter-roberta-base-sentiment-latest/resolve/main/tokenizer_config.json "HTTP/1.1 404 Not Found"
2026-04-19 20:52:13,586 [WARNING] Warning: You are sending unauthenticated requests to the HF Hub. Please set a HF_TOKEN to enable higher rate limits and faster downloads.
2026-04-19 20:52:14,045 [INFO] HTTP Request: GET https://huggingface.co/api/models/cardiffnlp/twitter-roberta-base-sentiment-latest/tree/main/additional_chat_templates?recursive=false&expand=false "HTTP/1.1 404 Not Found"
2026-04-19 20:52:14,356 [INFO] HTTP Request: GET https://huggingface.co/api/models/cardiffnlp/twitter-roberta-base-sentiment-latest/tree/main?recursive=true&expand=false "HTTP/1.1 200 OK"
2026-04-19 20:52:14,666 [INFO] HTTP Request: HEAD https://huggingface.co/cardiffnlp/twitter-roberta-base-sentiment-latest/resolve/main/vocab.json "HTTP/1.1 307 Temporary Redirect"
2026-04-19 20:52:14,675 [INFO] HTTP Request: HEAD https://huggingface.co/api/resolve-cache/models/cardiffnlp/twitter-roberta-base-sentiment-latest/3216a57f2a0d9c45a2e6c20157c20c49fb4bf9c7/vocab.json "HTTP/1.1 200 OK"
2026-04-19 20:52:15,264 [INFO] HTTP Request: HEAD https://huggingface.co/cardiffnlp/twitter-roberta-base-sentiment-latest/resolve/main/config.json "HTTP/1.1 307 Temporary Redirect"
2026-04-19 20:52:15,277 [INFO] HTTP Request: HEAD https://huggingface.co/api/resolve-cache/models/cardiffnlp/twitter-roberta-base-sentiment-latest/3216a57f2a0d9c45a2e6c20157c20c49fb4bf9c7/config.json "HTTP/1.1 200 OK"
2026-04-19 20:52:25,102 [INFO] HTTP Request: HEAD https://huggingface.co/cardiffnlp/twitter-roberta-base-sentiment-latest/resolve/main/model.safetensors "HTTP/1.1 404 Not Found"
2026-04-19 20:52:25,326 [INFO] HTTP Request: GET https://huggingface.co/api/models/cardiffnlp/twitter-roberta-base-sentiment-latest "HTTP/1.1 200 OK"
2026-04-19 20:52:25,516 [INFO] HTTP Request: GET https://huggingface.co/api/models/cardiffnlp/twitter-roberta-base-sentiment-latest/commits/main "HTTP/1.1 200 OK"
2026-04-19 20:52:25,704 [INFO] HTTP Request: GET https://huggingface.co/api/models/cardiffnlp/twitter-roberta-base-sentiment-latest/discussions?p=0 "HTTP/1.1 200 OK"
2026-04-19 20:52:25,882 [INFO] HTTP Request: GET https://huggingface.co/api/models/cardiffnlp/twitter-roberta-base-sentiment-latest/commits/refs%2Fpr%2F43 "HTTP/1.1 200 OK"
2026-04-19 20:52:26,005 [INFO] HTTP Request: HEAD https://huggingface.co/cardiffnlp/twitter-roberta-base-sentiment-latest/resolve/refs%2Fpr%2F43/model.safetensors.index.json "HTTP/1.1 404 Not Found"
2026-04-19 20:52:26,197 [INFO] HTTP Request: HEAD https://huggingface.co/cardiffnlp/twitter-roberta-base-sentiment-latest/resolve/refs%2Fpr%2F43/model.safetensors "HTTP/1.1 302 Found"
2026-04-19 20:55:54,218 [INFO] Training class distribution: {'negative': 7962, 'neutral': 19217, 'positive': 14720}
2026-04-19 20:55:54,840 [INFO] Logistic Regression validation accuracy: 0.6418
2026-04-19 20:55:55,114 [INFO] Saved Logistic Regression model to models/logreg_tfidf.pkl
2026-04-19 20:55:55,388 [INFO] Updated artifact hash manifest -> data/reports/artifact_hashes.json
2026-04-19 20:55:57,387 [INFO] Training Twitter-RoBERTa on device: cpu
2026-04-19 20:56:09,189 [INFO] HTTP Request: HEAD https://huggingface.co/cardiffnlp/twitter-roberta-base-sentiment-latest/resolve/main/config.json "HTTP/1.1 307 Temporary Redirect"
2026-04-19 20:56:09,223 [WARNING] Warning: You are sending unauthenticated requests to the HF Hub. Please set a HF_TOKEN to enable higher rate limits and faster downloads.
2026-04-19 20:56:09,247 [INFO] HTTP Request: HEAD https://huggingface.co/api/resolve-cache/models/cardiffnlp/twitter-roberta-base-sentiment-latest/3216a57f2a0d9c45a2e6c20157c20c49fb4bf9c7/config.json "HTTP/1.1 200 OK"
2026-04-19 20:56:09,654 [INFO] HTTP Request: HEAD https://huggingface.co/cardiffnlp/twitter-roberta-base-sentiment-latest/resolve/main/tokenizer_config.json "HTTP/1.1 404 Not Found"
2026-04-19 20:56:09,860 [INFO] HTTP Request: HEAD https://huggingface.co/cardiffnlp/twitter-roberta-base-sentiment-latest/resolve/main/tokenizer_config.json "HTTP/1.1 404 Not Found"
2026-04-19 20:56:10,080 [INFO] HTTP Request: GET https://huggingface.co/api/models/cardiffnlp/twitter-roberta-base-sentiment-latest/tree/main/additional_chat_templates?recursive=false&expand=false "HTTP/1.1 404 Not Found"
2026-04-19 20:56:10,452 [INFO] HTTP Request: GET https://huggingface.co/api/models/cardiffnlp/twitter-roberta-base-sentiment-latest/tree/main?recursive=true&expand=false "HTTP/1.1 200 OK"
2026-04-19 20:56:10,967 [INFO] HTTP Request: HEAD https://huggingface.co/cardiffnlp/twitter-roberta-base-sentiment-latest/resolve/main/vocab.json "HTTP/1.1 307 Temporary Redirect"
2026-04-19 20:56:10,985 [INFO] HTTP Request: HEAD https://huggingface.co/api/resolve-cache/models/cardiffnlp/twitter-roberta-base-sentiment-latest/3216a57f2a0d9c45a2e6c20157c20c49fb4bf9c7/vocab.json "HTTP/1.1 200 OK"
2026-04-19 20:56:12,345 [INFO] HTTP Request: HEAD https://huggingface.co/cardiffnlp/twitter-roberta-base-sentiment-latest/resolve/main/config.json "HTTP/1.1 307 Temporary Redirect"
2026-04-19 20:56:12,386 [INFO] HTTP Request: HEAD https://huggingface.co/api/resolve-cache/models/cardiffnlp/twitter-roberta-base-sentiment-latest/3216a57f2a0d9c45a2e6c20157c20c49fb4bf9c7/config.json "HTTP/1.1 200 OK"
2026-04-19 20:57:00,063 [INFO] HTTP Request: HEAD https://huggingface.co/cardiffnlp/twitter-roberta-base-sentiment-latest/resolve/main/model.safetensors "HTTP/1.1 404 Not Found"
2026-04-19 20:57:00,310 [INFO] HTTP Request: GET https://huggingface.co/api/models/cardiffnlp/twitter-roberta-base-sentiment-latest "HTTP/1.1 200 OK"
2026-04-19 20:57:00,571 [INFO] HTTP Request: GET https://huggingface.co/api/models/cardiffnlp/twitter-roberta-base-sentiment-latest/commits/main "HTTP/1.1 200 OK"
2026-04-19 20:57:00,744 [INFO] HTTP Request: GET https://huggingface.co/api/models/cardiffnlp/twitter-roberta-base-sentiment-latest/discussions?p=0 "HTTP/1.1 200 OK"
2026-04-19 20:57:00,977 [INFO] HTTP Request: GET https://huggingface.co/api/models/cardiffnlp/twitter-roberta-base-sentiment-latest/commits/refs%2Fpr%2F43 "HTTP/1.1 200 OK"
2026-04-19 20:57:01,321 [INFO] HTTP Request: HEAD https://huggingface.co/cardiffnlp/twitter-roberta-base-sentiment-latest/resolve/refs%2Fpr%2F43/model.safetensors.index.json "HTTP/1.1 404 Not Found"
2026-04-19 20:57:01,469 [INFO] HTTP Request: HEAD https://huggingface.co/cardiffnlp/twitter-roberta-base-sentiment-latest/resolve/refs%2Fpr%2F43/model.safetensors "HTTP/1.1 302 Found"
2026-04-19 21:46:50,087 [INFO] Starting model training pipeline
2026-04-19 21:46:50,271 [INFO] Loading sparse features from data/features/X_train.npz
2026-04-19 21:46:50,346 [INFO] Loading sparse features from data/features/X_val.npz
2026-04-19 21:46:50,363 [INFO] Training Logistic Regression baseline on saved TF-IDF features
2026-04-19 21:48:22,207 [INFO] Training class distribution: {'negative': 7962, 'neutral': 19217, 'positive': 14720}
2026-04-19 21:48:22,212 [INFO] Logistic Regression validation accuracy: 0.6418
2026-04-19 21:48:22,214 [INFO] Saved Logistic Regression model to models/logreg_tfidf.pkl
2026-04-19 21:48:22,234 [INFO] Updated artifact hash manifest -> data/reports/artifact_hashes.json
2026-04-19 21:48:22,399 [INFO] Training Twitter-RoBERTa on device: cpu
2026-04-19 21:48:22,960 [INFO] HTTP Request: HEAD https://huggingface.co/cardiffnlp/twitter-roberta-base-sentiment-latest/resolve/main/config.json "HTTP/1.1 307 Temporary Redirect"
2026-04-19 21:48:22,968 [INFO] HTTP Request: HEAD https://huggingface.co/api/resolve-cache/models/cardiffnlp/twitter-roberta-base-sentiment-latest/3216a57f2a0d9c45a2e6c20157c20c49fb4bf9c7/config.json "HTTP/1.1 200 OK"
2026-04-19 21:48:23,097 [INFO] HTTP Request: HEAD https://huggingface.co/cardiffnlp/twitter-roberta-base-sentiment-latest/resolve/main/tokenizer_config.json "HTTP/1.1 404 Not Found"
2026-04-19 21:48:23,230 [INFO] HTTP Request: HEAD https://huggingface.co/cardiffnlp/twitter-roberta-base-sentiment-latest/resolve/main/tokenizer_config.json "HTTP/1.1 404 Not Found"
2026-04-19 21:48:23,355 [INFO] HTTP Request: GET https://huggingface.co/api/models/cardiffnlp/twitter-roberta-base-sentiment-latest/tree/main/additional_chat_templates?recursive=false&expand=false "HTTP/1.1 404 Not Found"
2026-04-19 21:48:23,481 [INFO] HTTP Request: GET https://huggingface.co/api/models/cardiffnlp/twitter-roberta-base-sentiment-latest/tree/main?recursive=true&expand=false "HTTP/1.1 200 OK"
2026-04-19 21:48:23,602 [INFO] HTTP Request: HEAD https://huggingface.co/cardiffnlp/twitter-roberta-base-sentiment-latest/resolve/main/vocab.json "HTTP/1.1 307 Temporary Redirect"
2026-04-19 21:48:23,611 [INFO] HTTP Request: HEAD https://huggingface.co/api/resolve-cache/models/cardiffnlp/twitter-roberta-base-sentiment-latest/3216a57f2a0d9c45a2e6c20157c20c49fb4bf9c7/vocab.json "HTTP/1.1 200 OK"
2026-04-19 21:48:23,842 [INFO] HTTP Request: HEAD https://huggingface.co/cardiffnlp/twitter-roberta-base-sentiment-latest/resolve/main/config.json "HTTP/1.1 307 Temporary Redirect"
2026-04-19 21:48:23,844 [WARNING] Warning: You are sending unauthenticated requests to the HF Hub. Please set a HF_TOKEN to enable higher rate limits and faster downloads.
2026-04-19 21:48:23,852 [INFO] HTTP Request: HEAD https://huggingface.co/api/resolve-cache/models/cardiffnlp/twitter-roberta-base-sentiment-latest/3216a57f2a0d9c45a2e6c20157c20c49fb4bf9c7/config.json "HTTP/1.1 200 OK"
2026-04-19 21:48:24,473 [INFO] HTTP Request: HEAD https://huggingface.co/cardiffnlp/twitter-roberta-base-sentiment-latest/resolve/main/model.safetensors "HTTP/1.1 404 Not Found"
2026-04-19 21:48:24,602 [INFO] HTTP Request: GET https://huggingface.co/api/models/cardiffnlp/twitter-roberta-base-sentiment-latest "HTTP/1.1 200 OK"
2026-04-19 21:48:24,743 [INFO] HTTP Request: GET https://huggingface.co/api/models/cardiffnlp/twitter-roberta-base-sentiment-latest/commits/main "HTTP/1.1 200 OK"
2026-04-19 21:48:24,886 [INFO] HTTP Request: GET https://huggingface.co/api/models/cardiffnlp/twitter-roberta-base-sentiment-latest/discussions?p=0 "HTTP/1.1 200 OK"
2026-04-19 21:48:25,020 [INFO] HTTP Request: GET https://huggingface.co/api/models/cardiffnlp/twitter-roberta-base-sentiment-latest/commits/refs%2Fpr%2F43 "HTTP/1.1 200 OK"
2026-04-19 21:48:25,139 [INFO] HTTP Request: HEAD https://huggingface.co/cardiffnlp/twitter-roberta-base-sentiment-latest/resolve/refs%2Fpr%2F43/model.safetensors.index.json "HTTP/1.1 404 Not Found"
2026-04-19 21:48:25,261 [INFO] HTTP Request: HEAD https://huggingface.co/cardiffnlp/twitter-roberta-base-sentiment-latest/resolve/refs%2Fpr%2F43/model.safetensors "HTTP/1.1 302 Found"
2026-04-19 21:57:04,326 [INFO] Starting model training pipeline
2026-04-19 21:57:04,520 [INFO] Loading sparse features from data/features/X_train.npz
2026-04-19 21:57:04,646 [INFO] Loading sparse features from data/features/X_val.npz
2026-04-19 21:57:04,671 [INFO] Training Logistic Regression baseline on saved TF-IDF features
2026-04-19 21:58:50,902 [INFO] Training class distribution: {'negative': 7962, 'neutral': 19217, 'positive': 14720}
2026-04-19 21:58:50,906 [INFO] Logistic Regression validation accuracy: 0.6418
2026-04-19 21:58:50,909 [INFO] Saved Logistic Regression model to models/logreg_tfidf.pkl
2026-04-19 21:58:50,927 [INFO] Updated artifact hash manifest -> data/reports/artifact_hashes.json
2026-04-19 21:58:51,098 [INFO] Training Twitter-RoBERTa on device: cpu
2026-04-19 21:58:51,697 [INFO] HTTP Request: HEAD https://huggingface.co/cardiffnlp/twitter-roberta-base-sentiment-latest/resolve/main/config.json "HTTP/1.1 307 Temporary Redirect"
2026-04-19 21:58:51,698 [WARNING] Warning: You are sending unauthenticated requests to the HF Hub. Please set a HF_TOKEN to enable higher rate limits and faster downloads.
2026-04-19 21:58:51,704 [INFO] HTTP Request: HEAD https://huggingface.co/api/resolve-cache/models/cardiffnlp/twitter-roberta-base-sentiment-latest/3216a57f2a0d9c45a2e6c20157c20c49fb4bf9c7/config.json "HTTP/1.1 200 OK"
2026-04-19 21:58:51,858 [INFO] HTTP Request: HEAD https://huggingface.co/cardiffnlp/twitter-roberta-base-sentiment-latest/resolve/main/tokenizer_config.json "HTTP/1.1 404 Not Found"
2026-04-19 21:58:51,999 [INFO] HTTP Request: HEAD https://huggingface.co/cardiffnlp/twitter-roberta-base-sentiment-latest/resolve/main/tokenizer_config.json "HTTP/1.1 404 Not Found"
2026-04-19 21:58:52,118 [INFO] HTTP Request: GET https://huggingface.co/api/models/cardiffnlp/twitter-roberta-base-sentiment-latest/tree/main/additional_chat_templates?recursive=false&expand=false "HTTP/1.1 404 Not Found"
2026-04-19 21:58:52,239 [INFO] HTTP Request: GET https://huggingface.co/api/models/cardiffnlp/twitter-roberta-base-sentiment-latest/tree/main?recursive=true&expand=false "HTTP/1.1 200 OK"
2026-04-19 21:58:52,354 [INFO] HTTP Request: HEAD https://huggingface.co/cardiffnlp/twitter-roberta-base-sentiment-latest/resolve/main/vocab.json "HTTP/1.1 307 Temporary Redirect"
2026-04-19 21:58:52,361 [INFO] HTTP Request: HEAD https://huggingface.co/api/resolve-cache/models/cardiffnlp/twitter-roberta-base-sentiment-latest/3216a57f2a0d9c45a2e6c20157c20c49fb4bf9c7/vocab.json "HTTP/1.1 200 OK"
2026-04-19 21:58:52,576 [INFO] HTTP Request: HEAD https://huggingface.co/cardiffnlp/twitter-roberta-base-sentiment-latest/resolve/main/config.json "HTTP/1.1 307 Temporary Redirect"
2026-04-19 21:58:52,583 [INFO] HTTP Request: HEAD https://huggingface.co/api/resolve-cache/models/cardiffnlp/twitter-roberta-base-sentiment-latest/3216a57f2a0d9c45a2e6c20157c20c49fb4bf9c7/config.json "HTTP/1.1 200 OK"
2026-04-19 21:58:53,354 [INFO] HTTP Request: HEAD https://huggingface.co/cardiffnlp/twitter-roberta-base-sentiment-latest/resolve/main/model.safetensors "HTTP/1.1 404 Not Found"
2026-04-19 21:58:53,500 [INFO] HTTP Request: GET https://huggingface.co/api/models/cardiffnlp/twitter-roberta-base-sentiment-latest "HTTP/1.1 200 OK"
2026-04-19 21:58:53,632 [INFO] HTTP Request: GET https://huggingface.co/api/models/cardiffnlp/twitter-roberta-base-sentiment-latest/commits/main "HTTP/1.1 200 OK"
2026-04-19 21:58:53,782 [INFO] HTTP Request: GET https://huggingface.co/api/models/cardiffnlp/twitter-roberta-base-sentiment-latest/discussions?p=0 "HTTP/1.1 200 OK"
2026-04-19 21:58:53,934 [INFO] HTTP Request: GET https://huggingface.co/api/models/cardiffnlp/twitter-roberta-base-sentiment-latest/commits/refs%2Fpr%2F43 "HTTP/1.1 200 OK"
2026-04-19 21:58:54,056 [INFO] HTTP Request: HEAD https://huggingface.co/cardiffnlp/twitter-roberta-base-sentiment-latest/resolve/refs%2Fpr%2F43/model.safetensors.index.json "HTTP/1.1 404 Not Found"
2026-04-19 21:58:54,173 [INFO] HTTP Request: HEAD https://huggingface.co/cardiffnlp/twitter-roberta-base-sentiment-latest/resolve/refs%2Fpr%2F43/model.safetensors "HTTP/1.1 302 Found"
2026-04-19 22:01:36,672 [INFO] Starting model training pipeline
2026-04-19 22:01:36,823 [INFO] Loading sparse features from data/features/X_train.npz
2026-04-19 22:01:36,898 [INFO] Loading sparse features from data/features/X_val.npz
2026-04-19 22:01:36,919 [INFO] Training Logistic Regression baseline on saved TF-IDF features
2026-04-19 22:03:09,415 [INFO] Training class distribution: {'negative': 7962, 'neutral': 19217, 'positive': 14720}
2026-04-19 22:03:09,419 [INFO] Logistic Regression validation accuracy: 0.6418
2026-04-19 22:03:09,422 [INFO] Saved Logistic Regression model to models/logreg_tfidf.pkl
2026-04-19 22:03:09,437 [INFO] Updated artifact hash manifest -> data/reports/artifact_hashes.json
2026-04-19 22:03:09,685 [INFO] Training Twitter-RoBERTa on device: cpu
2026-04-19 22:03:10,278 [INFO] HTTP Request: HEAD https://huggingface.co/cardiffnlp/twitter-roberta-base-sentiment-latest/resolve/main/config.json "HTTP/1.1 307 Temporary Redirect"
2026-04-19 22:03:10,430 [INFO] HTTP Request: HEAD https://huggingface.co/api/resolve-cache/models/cardiffnlp/twitter-roberta-base-sentiment-latest/3216a57f2a0d9c45a2e6c20157c20c49fb4bf9c7/config.json "HTTP/1.1 200 OK"
2026-04-19 22:03:10,570 [INFO] HTTP Request: HEAD https://huggingface.co/cardiffnlp/twitter-roberta-base-sentiment-latest/resolve/main/tokenizer_config.json "HTTP/1.1 404 Not Found"
2026-04-19 22:03:10,706 [INFO] HTTP Request: HEAD https://huggingface.co/cardiffnlp/twitter-roberta-base-sentiment-latest/resolve/main/tokenizer_config.json "HTTP/1.1 404 Not Found"
2026-04-19 22:03:10,834 [INFO] HTTP Request: GET https://huggingface.co/api/models/cardiffnlp/twitter-roberta-base-sentiment-latest/tree/main/additional_chat_templates?recursive=false&expand=false "HTTP/1.1 404 Not Found"
2026-04-19 22:03:10,959 [INFO] HTTP Request: GET https://huggingface.co/api/models/cardiffnlp/twitter-roberta-base-sentiment-latest/tree/main?recursive=true&expand=false "HTTP/1.1 200 OK"
2026-04-19 22:03:11,094 [INFO] HTTP Request: HEAD https://huggingface.co/cardiffnlp/twitter-roberta-base-sentiment-latest/resolve/main/vocab.json "HTTP/1.1 307 Temporary Redirect"
2026-04-19 22:03:11,467 [INFO] HTTP Request: HEAD https://huggingface.co/api/resolve-cache/models/cardiffnlp/twitter-roberta-base-sentiment-latest/3216a57f2a0d9c45a2e6c20157c20c49fb4bf9c7/vocab.json "HTTP/1.1 200 OK"
2026-04-19 22:03:11,683 [INFO] HTTP Request: HEAD https://huggingface.co/cardiffnlp/twitter-roberta-base-sentiment-latest/resolve/main/config.json "HTTP/1.1 307 Temporary Redirect"
2026-04-19 22:03:11,716 [INFO] HTTP Request: HEAD https://huggingface.co/api/resolve-cache/models/cardiffnlp/twitter-roberta-base-sentiment-latest/3216a57f2a0d9c45a2e6c20157c20c49fb4bf9c7/config.json "HTTP/1.1 200 OK"
2026-04-19 22:03:12,349 [INFO] HTTP Request: HEAD https://huggingface.co/cardiffnlp/twitter-roberta-base-sentiment-latest/resolve/main/model.safetensors "HTTP/1.1 404 Not Found"
2026-04-19 22:03:12,491 [INFO] HTTP Request: GET https://huggingface.co/api/models/cardiffnlp/twitter-roberta-base-sentiment-latest "HTTP/1.1 200 OK"
2026-04-19 22:03:12,650 [INFO] HTTP Request: GET https://huggingface.co/api/models/cardiffnlp/twitter-roberta-base-sentiment-latest/commits/main "HTTP/1.1 200 OK"
2026-04-19 22:03:12,807 [INFO] HTTP Request: GET https://huggingface.co/api/models/cardiffnlp/twitter-roberta-base-sentiment-latest/discussions?p=0 "HTTP/1.1 200 OK"
2026-04-19 22:03:12,943 [INFO] HTTP Request: GET https://huggingface.co/api/models/cardiffnlp/twitter-roberta-base-sentiment-latest/commits/refs%2Fpr%2F43 "HTTP/1.1 200 OK"
2026-04-19 22:03:13,070 [INFO] HTTP Request: HEAD https://huggingface.co/cardiffnlp/twitter-roberta-base-sentiment-latest/resolve/refs%2Fpr%2F43/model.safetensors.index.json "HTTP/1.1 404 Not Found"
2026-04-19 22:03:13,207 [INFO] HTTP Request: HEAD https://huggingface.co/cardiffnlp/twitter-roberta-base-sentiment-latest/resolve/refs%2Fpr%2F43/model.safetensors "HTTP/1.1 302 Found"
